
=== RELATÓRIO DE ERRO ===
Data: 2025-05-26T16:08:57.022Z
IP: ::1
URL: http://localhost:3000/
User Agent: Mozilla/5.0 (Windows NT 10.0; Win64; x64) AppleWebKit/537.36 (KHTML, like Gecko) Chrome/133.0.0.0 Safari/537.36 OPR/118.0.0.0
Email: Não informado
Descrição: fstgseg
========================

=== RELATÓRIO DE ERRO ===
Data: 2025-05-26T16:20:10.738Z
IP: ::1
URL: http://localhost:3000/
User Agent: Mozilla/5.0 (Windows NT 10.0; Win64; x64) AppleWebKit/537.36 (KHTML, like Gecko) Chrome/133.0.0.0 Safari/537.36 OPR/118.0.0.0
Email: Não informado
Descrição: gdhgrhh
Método de envio: log-only
========================


=== RELATÓRIO DE ERRO ===
Data: 2025-05-26T16:20:48.930Z
IP: ::1
URL: http://localhost:3000/
User Agent: Mozilla/5.0 (Windows NT 10.0; Win64; x64) AppleWebKit/537.36 (KHTML, like Gecko) Chrome/133.0.0.0 Safari/537.36 OPR/118.0.0.0
Email: Não informado
Descrição: rfhtfjr
Método de envio: log-only
========================

